d:\ocr\caffe_ocr-master_cudn1\caffe-vsproj\caffe\x64\release\absval_layer.cu.cache
d:\ocr\caffe_ocr-master_cudn1\caffe-vsproj\caffe\x64\release\adadelta_solver.cu.cache
d:\ocr\caffe_ocr-master_cudn1\caffe-vsproj\caffe\x64\release\adagrad_solver.cu.cache
d:\ocr\caffe_ocr-master_cudn1\caffe-vsproj\caffe\x64\release\adam_solver.cu.cache
d:\ocr\caffe_ocr-master_cudn1\caffe-vsproj\caffe\x64\release\base_data_layer.cu.cache
d:\ocr\caffe_ocr-master_cudn1\caffe-vsproj\caffe\x64\release\batch_norm_layer.cu.cache
d:\ocr\caffe_ocr-master_cudn1\caffe-vsproj\caffe\x64\release\batch_reindex_layer.cu.cache
d:\ocr\caffe_ocr-master_cudn1\caffe-vsproj\caffe\x64\release\bias_layer.cu.cache
d:\ocr\caffe_ocr-master_cudn1\caffe-vsproj\caffe\x64\release\bnll_layer.cu.cache
d:\ocr\caffe_ocr-master_cudn1\caffe-vsproj\caffe\x64\release\concat_layer.cu.cache
d:\ocr\caffe_ocr-master_cudn1\caffe-vsproj\caffe\x64\release\contrastive_loss_layer.cu.cache
d:\ocr\caffe_ocr-master_cudn1\caffe-vsproj\caffe\x64\release\conv_layer.cu.cache
d:\ocr\caffe_ocr-master_cudn1\caffe-vsproj\caffe\x64\release\crop_layer.cu.cache
d:\ocr\caffe_ocr-master_cudn1\caffe-vsproj\caffe\x64\release\ctcpp_entrypoint.cu.cache
d:\ocr\caffe_ocr-master_cudn1\caffe-vsproj\caffe\x64\release\cudnn_conv_layer.cu.cache
d:\ocr\caffe_ocr-master_cudn1\caffe-vsproj\caffe\x64\release\cudnn_lcn_layer.cu.cache
d:\ocr\caffe_ocr-master_cudn1\caffe-vsproj\caffe\x64\release\cudnn_lrn_layer.cu.cache
d:\ocr\caffe_ocr-master_cudn1\caffe-vsproj\caffe\x64\release\cudnn_pooling_layer.cu.cache
d:\ocr\caffe_ocr-master_cudn1\caffe-vsproj\caffe\x64\release\cudnn_relu_layer.cu.cache
d:\ocr\caffe_ocr-master_cudn1\caffe-vsproj\caffe\x64\release\cudnn_sigmoid_layer.cu.cache
d:\ocr\caffe_ocr-master_cudn1\caffe-vsproj\caffe\x64\release\cudnn_softmax_layer.cu.cache
d:\ocr\caffe_ocr-master_cudn1\caffe-vsproj\caffe\x64\release\cudnn_tanh_layer.cu.cache
d:\ocr\caffe_ocr-master_cudn1\caffe-vsproj\caffe\x64\release\deconv_layer.cu.cache
d:\ocr\caffe_ocr-master_cudn1\caffe-vsproj\caffe\x64\release\denseblock_layer.cu.cache
d:\ocr\caffe_ocr-master_cudn1\caffe-vsproj\caffe\x64\release\dropout_layer.cu.cache
d:\ocr\caffe_ocr-master_cudn1\caffe-vsproj\caffe\x64\release\eltwise_layer.cu.cache
d:\ocr\caffe_ocr-master_cudn1\caffe-vsproj\caffe\x64\release\elu_layer.cu.cache
d:\ocr\caffe_ocr-master_cudn1\caffe-vsproj\caffe\x64\release\embed_layer.cu.cache
d:\ocr\caffe_ocr-master_cudn1\caffe-vsproj\caffe\x64\release\euclidean_loss_layer.cu.cache
d:\ocr\caffe_ocr-master_cudn1\caffe-vsproj\caffe\x64\release\exp_layer.cu.cache
d:\ocr\caffe_ocr-master_cudn1\caffe-vsproj\caffe\x64\release\filter_layer.cu.cache
d:\ocr\caffe_ocr-master_cudn1\caffe-vsproj\caffe\x64\release\hdf5_data_layer.cu.cache
d:\ocr\caffe_ocr-master_cudn1\caffe-vsproj\caffe\x64\release\hdf5_output_layer.cu.cache
d:\ocr\caffe_ocr-master_cudn1\caffe-vsproj\caffe\x64\release\im2col.cu.cache
d:\ocr\caffe_ocr-master_cudn1\caffe-vsproj\caffe\x64\release\im2col_layer.cu.cache
d:\ocr\caffe_ocr-master_cudn1\caffe-vsproj\caffe\x64\release\inner_product_layer.cu.cache
d:\ocr\caffe_ocr-master_cudn1\caffe-vsproj\caffe\x64\release\interp.cu.cache
d:\ocr\caffe_ocr-master_cudn1\caffe-vsproj\caffe\x64\release\log_layer.cu.cache
d:\ocr\caffe_ocr-master_cudn1\caffe-vsproj\caffe\x64\release\lrn_layer.cu.cache
d:\ocr\caffe_ocr-master_cudn1\caffe-vsproj\caffe\x64\release\lstm_layer_junhyuk.cu.cache
d:\ocr\caffe_ocr-master_cudn1\caffe-vsproj\caffe\x64\release\lstm_unit_layer.cu.cache
d:\ocr\caffe_ocr-master_cudn1\caffe-vsproj\caffe\x64\release\math_functions.cu.cache
d:\ocr\caffe_ocr-master_cudn1\caffe-vsproj\caffe\x64\release\mvn_layer.cu.cache
d:\ocr\caffe_ocr-master_cudn1\caffe-vsproj\caffe\x64\release\nesterov_solver.cu.cache
d:\ocr\caffe_ocr-master_cudn1\caffe-vsproj\caffe\x64\release\pooling_layer.cu.cache
d:\ocr\caffe_ocr-master_cudn1\caffe-vsproj\caffe\x64\release\power_layer.cu.cache
d:\ocr\caffe_ocr-master_cudn1\caffe-vsproj\caffe\x64\release\prelu_layer.cu.cache
d:\ocr\caffe_ocr-master_cudn1\caffe-vsproj\caffe\x64\release\recurrent_layer.cu.cache
d:\ocr\caffe_ocr-master_cudn1\caffe-vsproj\caffe\x64\release\reduce.cu.cache
d:\ocr\caffe_ocr-master_cudn1\caffe-vsproj\caffe\x64\release\reduction_layer.cu.cache
d:\ocr\caffe_ocr-master_cudn1\caffe-vsproj\caffe\x64\release\relu_layer.cu.cache
d:\ocr\caffe_ocr-master_cudn1\caffe-vsproj\caffe\x64\release\reverse_layer.cu.cache
d:\ocr\caffe_ocr-master_cudn1\caffe-vsproj\caffe\x64\release\reverse_time_layer.cu.cache
d:\ocr\caffe_ocr-master_cudn1\caffe-vsproj\caffe\x64\release\rmsprop_solver.cu.cache
d:\ocr\caffe_ocr-master_cudn1\caffe-vsproj\caffe\x64\release\scale_layer.cu.cache
d:\ocr\caffe_ocr-master_cudn1\caffe-vsproj\caffe\x64\release\sgd_solver.cu.cache
d:\ocr\caffe_ocr-master_cudn1\caffe-vsproj\caffe\x64\release\sigmoid_cross_entropy_loss_layer.cu.cache
d:\ocr\caffe_ocr-master_cudn1\caffe-vsproj\caffe\x64\release\sigmoid_layer.cu.cache
d:\ocr\caffe_ocr-master_cudn1\caffe-vsproj\caffe\x64\release\silence_layer.cu.cache
d:\ocr\caffe_ocr-master_cudn1\caffe-vsproj\caffe\x64\release\slice_layer.cu.cache
d:\ocr\caffe_ocr-master_cudn1\caffe-vsproj\caffe\x64\release\softmax_layer.cu.cache
d:\ocr\caffe_ocr-master_cudn1\caffe-vsproj\caffe\x64\release\softmax_loss_layer.cu.cache
d:\ocr\caffe_ocr-master_cudn1\caffe-vsproj\caffe\x64\release\softmax_loss_layer_multi_label.cu.cache
d:\ocr\caffe_ocr-master_cudn1\caffe-vsproj\caffe\x64\release\split_layer.cu.cache
d:\ocr\caffe_ocr-master_cudn1\caffe-vsproj\caffe\x64\release\tanh_layer.cu.cache
d:\ocr\caffe_ocr-master_cudn1\caffe-vsproj\caffe\x64\release\threshold_layer.cu.cache
d:\ocr\caffe_ocr-master_cudn1\caffe-vsproj\caffe\x64\release\tile_layer.cu.cache
d:\ocr\caffe_ocr-master_cudn1\caffe-vsproj\caffe\x64\release\transpose_layer.cu.cache
d:\ocr\caffe_ocr-master_cudn1\caffe-vsproj\caffe\x64\release\warp_ctc_loss_layer.cu.cache
d:\ocr\caffe_ocr-master_cudn1\caffe-vsproj\caffe\x64\release\absval_layer.cu.obj
d:\ocr\caffe_ocr-master_cudn1\caffe-vsproj\caffe\x64\release\adadelta_solver.cu.obj
d:\ocr\caffe_ocr-master_cudn1\caffe-vsproj\caffe\x64\release\adagrad_solver.cu.obj
d:\ocr\caffe_ocr-master_cudn1\caffe-vsproj\caffe\x64\release\adam_solver.cu.obj
d:\ocr\caffe_ocr-master_cudn1\caffe-vsproj\caffe\x64\release\base_data_layer.cu.obj
d:\ocr\caffe_ocr-master_cudn1\caffe-vsproj\caffe\x64\release\batch_norm_layer.cu.obj
d:\ocr\caffe_ocr-master_cudn1\caffe-vsproj\caffe\x64\release\batch_reindex_layer.cu.obj
d:\ocr\caffe_ocr-master_cudn1\caffe-vsproj\caffe\x64\release\bias_layer.cu.obj
d:\ocr\caffe_ocr-master_cudn1\caffe-vsproj\caffe\x64\release\bnll_layer.cu.obj
d:\ocr\caffe_ocr-master_cudn1\caffe-vsproj\caffe\x64\release\concat_layer.cu.obj
d:\ocr\caffe_ocr-master_cudn1\caffe-vsproj\caffe\x64\release\contrastive_loss_layer.cu.obj
d:\ocr\caffe_ocr-master_cudn1\caffe-vsproj\caffe\x64\release\conv_layer.cu.obj
d:\ocr\caffe_ocr-master_cudn1\caffe-vsproj\caffe\x64\release\crop_layer.cu.obj
d:\ocr\caffe_ocr-master_cudn1\caffe-vsproj\caffe\x64\release\ctcpp_entrypoint.cu.obj
d:\ocr\caffe_ocr-master_cudn1\caffe-vsproj\caffe\x64\release\cudnn_conv_layer.cu.obj
d:\ocr\caffe_ocr-master_cudn1\caffe-vsproj\caffe\x64\release\cudnn_lcn_layer.cu.obj
d:\ocr\caffe_ocr-master_cudn1\caffe-vsproj\caffe\x64\release\cudnn_lrn_layer.cu.obj
d:\ocr\caffe_ocr-master_cudn1\caffe-vsproj\caffe\x64\release\cudnn_pooling_layer.cu.obj
d:\ocr\caffe_ocr-master_cudn1\caffe-vsproj\caffe\x64\release\cudnn_relu_layer.cu.obj
d:\ocr\caffe_ocr-master_cudn1\caffe-vsproj\caffe\x64\release\cudnn_sigmoid_layer.cu.obj
d:\ocr\caffe_ocr-master_cudn1\caffe-vsproj\caffe\x64\release\cudnn_softmax_layer.cu.obj
d:\ocr\caffe_ocr-master_cudn1\caffe-vsproj\caffe\x64\release\cudnn_tanh_layer.cu.obj
d:\ocr\caffe_ocr-master_cudn1\caffe-vsproj\caffe\x64\release\deconv_layer.cu.obj
d:\ocr\caffe_ocr-master_cudn1\caffe-vsproj\caffe\x64\release\denseblock_layer.cu.obj
d:\ocr\caffe_ocr-master_cudn1\caffe-vsproj\caffe\x64\release\dropout_layer.cu.obj
d:\ocr\caffe_ocr-master_cudn1\caffe-vsproj\caffe\x64\release\eltwise_layer.cu.obj
d:\ocr\caffe_ocr-master_cudn1\caffe-vsproj\caffe\x64\release\elu_layer.cu.obj
d:\ocr\caffe_ocr-master_cudn1\caffe-vsproj\caffe\x64\release\embed_layer.cu.obj
d:\ocr\caffe_ocr-master_cudn1\caffe-vsproj\caffe\x64\release\euclidean_loss_layer.cu.obj
d:\ocr\caffe_ocr-master_cudn1\caffe-vsproj\caffe\x64\release\exp_layer.cu.obj
d:\ocr\caffe_ocr-master_cudn1\caffe-vsproj\caffe\x64\release\filter_layer.cu.obj
d:\ocr\caffe_ocr-master_cudn1\caffe-vsproj\caffe\x64\release\hdf5_data_layer.cu.obj
d:\ocr\caffe_ocr-master_cudn1\caffe-vsproj\caffe\x64\release\hdf5_output_layer.cu.obj
d:\ocr\caffe_ocr-master_cudn1\caffe-vsproj\caffe\x64\release\im2col.cu.obj
d:\ocr\caffe_ocr-master_cudn1\caffe-vsproj\caffe\x64\release\im2col_layer.cu.obj
d:\ocr\caffe_ocr-master_cudn1\caffe-vsproj\caffe\x64\release\inner_product_layer.cu.obj
d:\ocr\caffe_ocr-master_cudn1\caffe-vsproj\caffe\x64\release\interp.cu.obj
d:\ocr\caffe_ocr-master_cudn1\caffe-vsproj\caffe\x64\release\log_layer.cu.obj
d:\ocr\caffe_ocr-master_cudn1\caffe-vsproj\caffe\x64\release\lrn_layer.cu.obj
d:\ocr\caffe_ocr-master_cudn1\caffe-vsproj\caffe\x64\release\lstm_layer_junhyuk.cu.obj
d:\ocr\caffe_ocr-master_cudn1\caffe-vsproj\caffe\x64\release\lstm_unit_layer.cu.obj
d:\ocr\caffe_ocr-master_cudn1\caffe-vsproj\caffe\x64\release\math_functions.cu.obj
d:\ocr\caffe_ocr-master_cudn1\caffe-vsproj\caffe\x64\release\mvn_layer.cu.obj
d:\ocr\caffe_ocr-master_cudn1\caffe-vsproj\caffe\x64\release\nesterov_solver.cu.obj
d:\ocr\caffe_ocr-master_cudn1\caffe-vsproj\caffe\x64\release\pooling_layer.cu.obj
d:\ocr\caffe_ocr-master_cudn1\caffe-vsproj\caffe\x64\release\power_layer.cu.obj
d:\ocr\caffe_ocr-master_cudn1\caffe-vsproj\caffe\x64\release\prelu_layer.cu.obj
d:\ocr\caffe_ocr-master_cudn1\caffe-vsproj\caffe\x64\release\recurrent_layer.cu.obj
d:\ocr\caffe_ocr-master_cudn1\caffe-vsproj\caffe\x64\release\reduction_layer.cu.obj
d:\ocr\caffe_ocr-master_cudn1\caffe-vsproj\caffe\x64\release\relu_layer.cu.obj
d:\ocr\caffe_ocr-master_cudn1\caffe-vsproj\caffe\x64\release\reverse_layer.cu.obj
d:\ocr\caffe_ocr-master_cudn1\caffe-vsproj\caffe\x64\release\reverse_time_layer.cu.obj
d:\ocr\caffe_ocr-master_cudn1\caffe-vsproj\caffe\x64\release\rmsprop_solver.cu.obj
d:\ocr\caffe_ocr-master_cudn1\caffe-vsproj\caffe\x64\release\scale_layer.cu.obj
d:\ocr\caffe_ocr-master_cudn1\caffe-vsproj\caffe\x64\release\sgd_solver.cu.obj
d:\ocr\caffe_ocr-master_cudn1\caffe-vsproj\caffe\x64\release\sigmoid_cross_entropy_loss_layer.cu.obj
d:\ocr\caffe_ocr-master_cudn1\caffe-vsproj\caffe\x64\release\sigmoid_layer.cu.obj
d:\ocr\caffe_ocr-master_cudn1\caffe-vsproj\caffe\x64\release\silence_layer.cu.obj
d:\ocr\caffe_ocr-master_cudn1\caffe-vsproj\caffe\x64\release\slice_layer.cu.obj
d:\ocr\caffe_ocr-master_cudn1\caffe-vsproj\caffe\x64\release\softmax_layer.cu.obj
d:\ocr\caffe_ocr-master_cudn1\caffe-vsproj\caffe\x64\release\softmax_loss_layer.cu.obj
d:\ocr\caffe_ocr-master_cudn1\caffe-vsproj\caffe\x64\release\softmax_loss_layer_multi_label.cu.obj
d:\ocr\caffe_ocr-master_cudn1\caffe-vsproj\caffe\x64\release\split_layer.cu.obj
d:\ocr\caffe_ocr-master_cudn1\caffe-vsproj\caffe\x64\release\tanh_layer.cu.obj
d:\ocr\caffe_ocr-master_cudn1\caffe-vsproj\caffe\x64\release\threshold_layer.cu.obj
d:\ocr\caffe_ocr-master_cudn1\caffe-vsproj\caffe\x64\release\tile_layer.cu.obj
d:\ocr\caffe_ocr-master_cudn1\caffe-vsproj\caffe\x64\release\transpose_layer.cu.obj
d:\ocr\caffe_ocr-master_cudn1\caffe-vsproj\caffe\x64\release\warp_ctc_loss_layer.cu.obj
